[1.201s] Invoking command in '/home/gabriel/ponderadaslamm8/src/tata': PYTHONPATH=/home/gabriel/ponderadaslamm8/build/tata/prefix_override:/home/gabriel/ponderadaslamm8/install/tata/lib/python3.10/site-packages:${PYTHONPATH} /usr/bin/python3 setup.py egg_info --egg-base ../../build/tata build --build-base /home/gabriel/ponderadaslamm8/build/tata/build install --record /home/gabriel/ponderadaslamm8/build/tata/install.log --single-version-externally-managed
[1.579s] running egg_info
[1.580s] writing ../../build/tata/tata.egg-info/PKG-INFO
[1.580s] writing dependency_links to ../../build/tata/tata.egg-info/dependency_links.txt
[1.580s] writing entry points to ../../build/tata/tata.egg-info/entry_points.txt
[1.581s] writing requirements to ../../build/tata/tata.egg-info/requires.txt
[1.581s] writing top-level names to ../../build/tata/tata.egg-info/top_level.txt
[1.584s] reading manifest file '../../build/tata/tata.egg-info/SOURCES.txt'
[1.586s] writing manifest file '../../build/tata/tata.egg-info/SOURCES.txt'
[1.586s] running build
[1.586s] running build_py
[1.586s] running install
[1.587s] running install_lib
[1.588s] running install_data
[1.589s] copying launch/nav2_launch.py -> /home/gabriel/ponderadaslamm8/install/tata/share/tata/launch
[1.590s] copying launch/map_launch.py -> /home/gabriel/ponderadaslamm8/install/tata/share/tata/launch
[1.590s] running install_egg_info
[1.592s] removing '/home/gabriel/ponderadaslamm8/install/tata/lib/python3.10/site-packages/tata-0.0.0-py3.10.egg-info' (and everything under it)
[1.593s] Copying ../../build/tata/tata.egg-info to /home/gabriel/ponderadaslamm8/install/tata/lib/python3.10/site-packages/tata-0.0.0-py3.10.egg-info
[1.594s] running install_scripts
[1.624s] Installing tata script to /home/gabriel/ponderadaslamm8/install/tata/lib/tata
[1.624s] writing list of installed files to '/home/gabriel/ponderadaslamm8/build/tata/install.log'
[1.663s] Invoked command in '/home/gabriel/ponderadaslamm8/src/tata' returned '0': PYTHONPATH=/home/gabriel/ponderadaslamm8/build/tata/prefix_override:/home/gabriel/ponderadaslamm8/install/tata/lib/python3.10/site-packages:${PYTHONPATH} /usr/bin/python3 setup.py egg_info --egg-base ../../build/tata build --build-base /home/gabriel/ponderadaslamm8/build/tata/build install --record /home/gabriel/ponderadaslamm8/build/tata/install.log --single-version-externally-managed
