[1.567s] DEBUG:colcon:Command line arguments: ['/usr/bin/colcon', 'build']
[1.568s] DEBUG:colcon:Parsed command line arguments: Namespace(log_base=None, log_level=None, verb_name='build', build_base='build', install_base='install', merge_install=False, symlink_install=False, test_result_base=None, continue_on_error=False, executor='parallel', parallel_workers=4, event_handlers=None, ignore_user_meta=False, metas=['./colcon.meta'], base_paths=['.'], packages_ignore=None, packages_ignore_regex=None, paths=None, packages_up_to=None, packages_up_to_regex=None, packages_above=None, packages_above_and_dependencies=None, packages_above_depth=None, packages_select_by_dep=None, packages_skip_by_dep=None, packages_skip_up_to=None, packages_select_build_failed=False, packages_skip_build_finished=False, packages_select_test_failures=False, packages_skip_test_passed=False, packages_select=None, packages_skip=None, packages_select_regex=None, packages_skip_regex=None, packages_start=None, packages_end=None, allow_overriding=[], cmake_args=None, cmake_target=None, cmake_target_skip_unavailable=False, cmake_clean_cache=False, cmake_clean_first=False, cmake_force_configure=False, ament_cmake_args=None, catkin_cmake_args=None, catkin_skip_building_tests=False, verb_parser=<colcon_defaults.argument_parser.defaults.DefaultArgumentsDecorator object at 0x7f44553cbe80>, verb_extension=<colcon_core.verb.build.BuildVerb object at 0x7f44553c90f0>, main=<bound method BuildVerb.main of <colcon_core.verb.build.BuildVerb object at 0x7f44553c90f0>>)
[1.648s] Level 1:colcon.colcon_core.package_discovery:discover_packages(colcon_meta) check parameters
[1.648s] Level 1:colcon.colcon_core.package_discovery:discover_packages(recursive) check parameters
[1.648s] Level 1:colcon.colcon_core.package_discovery:discover_packages(ignore) check parameters
[1.648s] Level 1:colcon.colcon_core.package_discovery:discover_packages(path) check parameters
[1.648s] Level 1:colcon.colcon_core.package_discovery:discover_packages(colcon_meta) discover
[1.648s] Level 1:colcon.colcon_core.package_discovery:discover_packages(recursive) discover
[1.648s] INFO:colcon.colcon_core.package_discovery:Crawling recursively for packages in '/home/gabriel/ponderadaslamm8'
[1.649s] Level 1:colcon.colcon_core.package_identification:_identify(.) by extensions ['ignore', 'ignore_ament_install']
[1.649s] Level 1:colcon.colcon_core.package_identification:_identify(.) by extension 'ignore'
[1.649s] Level 1:colcon.colcon_core.package_identification:_identify(.) by extension 'ignore_ament_install'
[1.649s] Level 1:colcon.colcon_core.package_identification:_identify(.) by extensions ['colcon_pkg']
[1.649s] Level 1:colcon.colcon_core.package_identification:_identify(.) by extension 'colcon_pkg'
[1.649s] Level 1:colcon.colcon_core.package_identification:_identify(.) by extensions ['colcon_meta']
[1.649s] Level 1:colcon.colcon_core.package_identification:_identify(.) by extension 'colcon_meta'
[1.649s] Level 1:colcon.colcon_core.package_identification:_identify(.) by extensions ['ros']
[1.649s] Level 1:colcon.colcon_core.package_identification:_identify(.) by extension 'ros'
[1.667s] Level 1:colcon.colcon_core.package_identification:_identify(.) by extensions ['cmake', 'python']
[1.668s] Level 1:colcon.colcon_core.package_identification:_identify(.) by extension 'cmake'
[1.668s] Level 1:colcon.colcon_core.package_identification:_identify(.) by extension 'python'
[1.668s] Level 1:colcon.colcon_core.package_identification:_identify(.) by extensions ['python_setup_py']
[1.668s] Level 1:colcon.colcon_core.package_identification:_identify(.) by extension 'python_setup_py'
[1.668s] Level 1:colcon.colcon_core.package_identification:_identify(build) by extensions ['ignore', 'ignore_ament_install']
[1.668s] Level 1:colcon.colcon_core.package_identification:_identify(build) by extension 'ignore'
[1.668s] Level 1:colcon.colcon_core.package_identification:_identify(build) ignored
[1.668s] Level 1:colcon.colcon_core.package_identification:_identify(install) by extensions ['ignore', 'ignore_ament_install']
[1.669s] Level 1:colcon.colcon_core.package_identification:_identify(install) by extension 'ignore'
[1.669s] Level 1:colcon.colcon_core.package_identification:_identify(install) ignored
[1.669s] Level 1:colcon.colcon_core.package_identification:_identify(log) by extensions ['ignore', 'ignore_ament_install']
[1.669s] Level 1:colcon.colcon_core.package_identification:_identify(log) by extension 'ignore'
[1.669s] Level 1:colcon.colcon_core.package_identification:_identify(log) ignored
[1.669s] Level 1:colcon.colcon_core.package_identification:_identify(src) by extensions ['ignore', 'ignore_ament_install']
[1.669s] Level 1:colcon.colcon_core.package_identification:_identify(src) by extension 'ignore'
[1.669s] Level 1:colcon.colcon_core.package_identification:_identify(src) by extension 'ignore_ament_install'
[1.670s] Level 1:colcon.colcon_core.package_identification:_identify(src) by extensions ['colcon_pkg']
[1.670s] Level 1:colcon.colcon_core.package_identification:_identify(src) by extension 'colcon_pkg'
[1.670s] Level 1:colcon.colcon_core.package_identification:_identify(src) by extensions ['colcon_meta']
[1.670s] Level 1:colcon.colcon_core.package_identification:_identify(src) by extension 'colcon_meta'
[1.670s] Level 1:colcon.colcon_core.package_identification:_identify(src) by extensions ['ros']
[1.670s] Level 1:colcon.colcon_core.package_identification:_identify(src) by extension 'ros'
[1.670s] Level 1:colcon.colcon_core.package_identification:_identify(src) by extensions ['cmake', 'python']
[1.670s] Level 1:colcon.colcon_core.package_identification:_identify(src) by extension 'cmake'
[1.670s] Level 1:colcon.colcon_core.package_identification:_identify(src) by extension 'python'
[1.670s] Level 1:colcon.colcon_core.package_identification:_identify(src) by extensions ['python_setup_py']
[1.670s] Level 1:colcon.colcon_core.package_identification:_identify(src) by extension 'python_setup_py'
[1.670s] Level 1:colcon.colcon_core.package_identification:_identify(src/tata) by extensions ['ignore', 'ignore_ament_install']
[1.671s] Level 1:colcon.colcon_core.package_identification:_identify(src/tata) by extension 'ignore'
[1.671s] Level 1:colcon.colcon_core.package_identification:_identify(src/tata) by extension 'ignore_ament_install'
[1.671s] Level 1:colcon.colcon_core.package_identification:_identify(src/tata) by extensions ['colcon_pkg']
[1.671s] Level 1:colcon.colcon_core.package_identification:_identify(src/tata) by extension 'colcon_pkg'
[1.671s] Level 1:colcon.colcon_core.package_identification:_identify(src/tata) by extensions ['colcon_meta']
[1.671s] Level 1:colcon.colcon_core.package_identification:_identify(src/tata) by extension 'colcon_meta'
[1.671s] Level 1:colcon.colcon_core.package_identification:_identify(src/tata) by extensions ['ros']
[1.671s] Level 1:colcon.colcon_core.package_identification:_identify(src/tata) by extension 'ros'
[1.675s] DEBUG:colcon.colcon_core.package_identification:Package 'src/tata' with type 'ros.ament_python' and name 'tata'
[1.675s] Level 1:colcon.colcon_core.package_discovery:discover_packages(recursive) using defaults
[1.675s] Level 1:colcon.colcon_core.package_discovery:discover_packages(ignore) discover
[1.675s] Level 1:colcon.colcon_core.package_discovery:discover_packages(ignore) using defaults
[1.675s] Level 1:colcon.colcon_core.package_discovery:discover_packages(path) discover
[1.675s] Level 1:colcon.colcon_core.package_discovery:discover_packages(path) using defaults
[1.831s] Level 1:colcon.colcon_core.package_discovery:discover_packages(prefix_path) check parameters
[1.831s] Level 1:colcon.colcon_core.package_discovery:discover_packages(prefix_path) discover
[1.885s] DEBUG:colcon.colcon_installed_package_information.package_discovery:Found 388 installed packages in /opt/ros/humble
[1.887s] Level 1:colcon.colcon_core.package_discovery:discover_packages(prefix_path) using defaults
[2.071s] Level 5:colcon.colcon_core.verb:set package 'tata' build argument 'cmake_args' from command line to 'None'
[2.071s] Level 5:colcon.colcon_core.verb:set package 'tata' build argument 'cmake_target' from command line to 'None'
[2.072s] Level 5:colcon.colcon_core.verb:set package 'tata' build argument 'cmake_target_skip_unavailable' from command line to 'False'
[2.072s] Level 5:colcon.colcon_core.verb:set package 'tata' build argument 'cmake_clean_cache' from command line to 'False'
[2.072s] Level 5:colcon.colcon_core.verb:set package 'tata' build argument 'cmake_clean_first' from command line to 'False'
[2.072s] Level 5:colcon.colcon_core.verb:set package 'tata' build argument 'cmake_force_configure' from command line to 'False'
[2.072s] Level 5:colcon.colcon_core.verb:set package 'tata' build argument 'ament_cmake_args' from command line to 'None'
[2.072s] Level 5:colcon.colcon_core.verb:set package 'tata' build argument 'catkin_cmake_args' from command line to 'None'
[2.072s] Level 5:colcon.colcon_core.verb:set package 'tata' build argument 'catkin_skip_building_tests' from command line to 'False'
[2.072s] DEBUG:colcon.colcon_core.verb:Building package 'tata' with the following arguments: {'ament_cmake_args': None, 'build_base': '/home/gabriel/ponderadaslamm8/build/tata', 'catkin_cmake_args': None, 'catkin_skip_building_tests': False, 'cmake_args': None, 'cmake_clean_cache': False, 'cmake_clean_first': False, 'cmake_force_configure': False, 'cmake_target': None, 'cmake_target_skip_unavailable': False, 'install_base': '/home/gabriel/ponderadaslamm8/install/tata', 'merge_install': False, 'path': '/home/gabriel/ponderadaslamm8/src/tata', 'symlink_install': False, 'test_result_base': None}
[2.096s] INFO:colcon.colcon_core.executor:Executing jobs using 'parallel' executor
[2.121s] DEBUG:colcon.colcon_parallel_executor.executor.parallel:run_until_complete
[2.122s] INFO:colcon.colcon_ros.task.ament_python.build:Building ROS package in '/home/gabriel/ponderadaslamm8/src/tata' with build type 'ament_python'
[2.122s] Level 1:colcon.colcon_core.shell:create_environment_hook('tata', 'ament_prefix_path')
[2.157s] INFO:colcon.colcon_core.plugin_system:Skipping extension 'colcon_core.shell.bat': Not used on non-Windows systems
[2.157s] INFO:colcon.colcon_core.shell:Creating environment hook '/home/gabriel/ponderadaslamm8/install/tata/share/tata/hook/ament_prefix_path.ps1'
[2.159s] INFO:colcon.colcon_core.shell:Creating environment descriptor '/home/gabriel/ponderadaslamm8/install/tata/share/tata/hook/ament_prefix_path.dsv'
[2.160s] INFO:colcon.colcon_core.shell:Creating environment hook '/home/gabriel/ponderadaslamm8/install/tata/share/tata/hook/ament_prefix_path.sh'
[2.190s] INFO:colcon.colcon_core.shell:Skip shell extension 'powershell' for command environment: Not usable outside of PowerShell
[2.191s] DEBUG:colcon.colcon_core.shell:Skip shell extension 'dsv' for command environment
[2.686s] INFO:colcon.colcon_core.task.python.build:Building Python package in '/home/gabriel/ponderadaslamm8/src/tata'
[2.710s] INFO:colcon.colcon_core.shell:Skip shell extension 'powershell' for command environment: Not usable outside of PowerShell
[2.710s] DEBUG:colcon.colcon_core.shell:Skip shell extension 'dsv' for command environment
[3.435s] DEBUG:colcon.colcon_core.event_handler.log_command:Invoking command in '/home/gabriel/ponderadaslamm8/src/tata': PYTHONPATH=/home/gabriel/ponderadaslamm8/build/tata/prefix_override:/home/gabriel/ponderadaslamm8/install/tata/lib/python3.10/site-packages:${PYTHONPATH} /usr/bin/python3 setup.py egg_info --egg-base ../../build/tata build --build-base /home/gabriel/ponderadaslamm8/build/tata/build install --record /home/gabriel/ponderadaslamm8/build/tata/install.log --single-version-externally-managed
[3.873s] DEBUG:colcon.colcon_core.event_handler.log_command:Invoked command in '/home/gabriel/ponderadaslamm8/src/tata' returned '0': PYTHONPATH=/home/gabriel/ponderadaslamm8/build/tata/prefix_override:/home/gabriel/ponderadaslamm8/install/tata/lib/python3.10/site-packages:${PYTHONPATH} /usr/bin/python3 setup.py egg_info --egg-base ../../build/tata build --build-base /home/gabriel/ponderadaslamm8/build/tata/build install --record /home/gabriel/ponderadaslamm8/build/tata/install.log --single-version-externally-managed
[3.901s] Level 1:colcon.colcon_core.environment:checking '/home/gabriel/ponderadaslamm8/install/tata' for CMake module files
[3.902s] Level 1:colcon.colcon_core.environment:checking '/home/gabriel/ponderadaslamm8/install/tata' for CMake config files
[3.903s] Level 1:colcon.colcon_core.environment:checking '/home/gabriel/ponderadaslamm8/install/tata/lib'
[3.903s] Level 1:colcon.colcon_core.environment:checking '/home/gabriel/ponderadaslamm8/install/tata/bin'
[3.903s] Level 1:colcon.colcon_core.environment:checking '/home/gabriel/ponderadaslamm8/install/tata/lib/pkgconfig/tata.pc'
[3.904s] Level 1:colcon.colcon_core.environment:checking '/home/gabriel/ponderadaslamm8/install/tata/lib/python3.10/site-packages'
[3.904s] Level 1:colcon.colcon_core.shell:create_environment_hook('tata', 'pythonpath')
[3.928s] INFO:colcon.colcon_core.shell:Creating environment hook '/home/gabriel/ponderadaslamm8/install/tata/share/tata/hook/pythonpath.ps1'
[3.928s] INFO:colcon.colcon_core.shell:Creating environment descriptor '/home/gabriel/ponderadaslamm8/install/tata/share/tata/hook/pythonpath.dsv'
[3.929s] INFO:colcon.colcon_core.shell:Creating environment hook '/home/gabriel/ponderadaslamm8/install/tata/share/tata/hook/pythonpath.sh'
[3.930s] Level 1:colcon.colcon_core.environment:checking '/home/gabriel/ponderadaslamm8/install/tata/bin'
[3.930s] Level 1:colcon.colcon_core.environment:create_environment_scripts_only(tata)
[3.952s] INFO:colcon.colcon_core.shell:Creating package script '/home/gabriel/ponderadaslamm8/install/tata/share/tata/package.ps1'
[3.954s] INFO:colcon.colcon_core.shell:Creating package descriptor '/home/gabriel/ponderadaslamm8/install/tata/share/tata/package.dsv'
[3.956s] INFO:colcon.colcon_core.shell:Creating package script '/home/gabriel/ponderadaslamm8/install/tata/share/tata/package.sh'
[3.958s] INFO:colcon.colcon_core.shell:Creating package script '/home/gabriel/ponderadaslamm8/install/tata/share/tata/package.bash'
[3.960s] INFO:colcon.colcon_core.shell:Creating package script '/home/gabriel/ponderadaslamm8/install/tata/share/tata/package.zsh'
[3.962s] Level 1:colcon.colcon_core.environment:create_file_with_runtime_dependencies(/home/gabriel/ponderadaslamm8/install/tata/share/colcon-core/packages/tata)
[3.962s] DEBUG:colcon.colcon_parallel_executor.executor.parallel:closing loop
[3.963s] DEBUG:colcon.colcon_parallel_executor.executor.parallel:loop closed
[3.963s] DEBUG:colcon.colcon_parallel_executor.executor.parallel:run_until_complete finished with '0'
[3.963s] DEBUG:colcon.colcon_core.event_reactor:joining thread
[3.998s] INFO:colcon.colcon_core.plugin_system:Skipping extension 'colcon_notification.desktop_notification.terminal_notifier': Not used on non-Darwin systems
[3.998s] INFO:colcon.colcon_core.plugin_system:Skipping extension 'colcon_notification.desktop_notification.win32': Not used on non-Windows systems
[3.998s] INFO:colcon.colcon_notification.desktop_notification:Sending desktop notification using 'notify2'
[4.014s] DEBUG:colcon.colcon_core.event_reactor:joined thread
[4.039s] INFO:colcon.colcon_core.shell:Creating prefix script '/home/gabriel/ponderadaslamm8/install/local_setup.ps1'
[4.041s] INFO:colcon.colcon_core.shell:Creating prefix util module '/home/gabriel/ponderadaslamm8/install/_local_setup_util_ps1.py'
[4.044s] INFO:colcon.colcon_core.shell:Creating prefix chain script '/home/gabriel/ponderadaslamm8/install/setup.ps1'
[4.070s] INFO:colcon.colcon_core.shell:Creating prefix script '/home/gabriel/ponderadaslamm8/install/local_setup.sh'
[4.072s] INFO:colcon.colcon_core.shell:Creating prefix util module '/home/gabriel/ponderadaslamm8/install/_local_setup_util_sh.py'
[4.073s] INFO:colcon.colcon_core.shell:Creating prefix chain script '/home/gabriel/ponderadaslamm8/install/setup.sh'
[4.106s] INFO:colcon.colcon_core.shell:Creating prefix script '/home/gabriel/ponderadaslamm8/install/local_setup.bash'
[4.108s] INFO:colcon.colcon_core.shell:Creating prefix chain script '/home/gabriel/ponderadaslamm8/install/setup.bash'
[4.140s] INFO:colcon.colcon_core.shell:Creating prefix script '/home/gabriel/ponderadaslamm8/install/local_setup.zsh'
[4.141s] INFO:colcon.colcon_core.shell:Creating prefix chain script '/home/gabriel/ponderadaslamm8/install/setup.zsh'
