[1.172s] Invoking command in '/home/gabriel/ponderadaslamm8/src/tata': PYTHONPATH=/home/gabriel/ponderadaslamm8/build/tata/prefix_override:/home/gabriel/ponderadaslamm8/install/tata/lib/python3.10/site-packages:${PYTHONPATH} /usr/bin/python3 setup.py egg_info --egg-base ../../build/tata build --build-base /home/gabriel/ponderadaslamm8/build/tata/build install --record /home/gabriel/ponderadaslamm8/build/tata/install.log --single-version-externally-managed
[1.551s] running egg_info
[1.552s] writing ../../build/tata/tata.egg-info/PKG-INFO
[1.553s] writing dependency_links to ../../build/tata/tata.egg-info/dependency_links.txt
[1.553s] writing entry points to ../../build/tata/tata.egg-info/entry_points.txt
[1.553s] writing requirements to ../../build/tata/tata.egg-info/requires.txt
[1.553s] writing top-level names to ../../build/tata/tata.egg-info/top_level.txt
[1.556s] reading manifest file '../../build/tata/tata.egg-info/SOURCES.txt'
[1.557s] writing manifest file '../../build/tata/tata.egg-info/SOURCES.txt'
[1.557s] running build
[1.557s] running build_py
[1.558s] running install
[1.558s] running install_lib
[1.561s] running install_data
[1.562s] copying launch/map.launch.py -> /home/gabriel/ponderadaslamm8/install/tata/share/tata/launch
[1.562s] running install_egg_info
[1.565s] removing '/home/gabriel/ponderadaslamm8/install/tata/lib/python3.10/site-packages/tata-0.0.0-py3.10.egg-info' (and everything under it)
[1.565s] Copying ../../build/tata/tata.egg-info to /home/gabriel/ponderadaslamm8/install/tata/lib/python3.10/site-packages/tata-0.0.0-py3.10.egg-info
[1.567s] running install_scripts
[1.595s] Installing tata script to /home/gabriel/ponderadaslamm8/install/tata/lib/tata
[1.595s] writing list of installed files to '/home/gabriel/ponderadaslamm8/build/tata/install.log'
[1.631s] Invoked command in '/home/gabriel/ponderadaslamm8/src/tata' returned '0': PYTHONPATH=/home/gabriel/ponderadaslamm8/build/tata/prefix_override:/home/gabriel/ponderadaslamm8/install/tata/lib/python3.10/site-packages:${PYTHONPATH} /usr/bin/python3 setup.py egg_info --egg-base ../../build/tata build --build-base /home/gabriel/ponderadaslamm8/build/tata/build install --record /home/gabriel/ponderadaslamm8/build/tata/install.log --single-version-externally-managed
